{
  "total_tests": 23,
  "passed_tests": 0,
  "failed_tests": 23,
  "failures": [
    "README.md block 2: Compilation error - error[E0463]: can't find crate for `langweave`\n --> /var/folders/2k/1mtvvw2s0pxgbrfmj7shswch0000gn/T/tmp_i5t77lv.rs:2:5\n  |\n2 | use langweave::{language_detector::LanguageDetector, error::I18nError};\n  |     ^^^^^^^^^ can't find crate\n\nerror[E0463]: can't find crate for `tokio`\n  --> /var/folders/2k/1mtvvw2s0pxgbrfmj7shswch0000gn/T/tmp_i5t77lv.rs:10:3\n   |\n10 | #[tokio::main]\n   |   ^^^^^ can't find crate\n\nerror[E0752]: `main` function is not allowed to be `async`\n  --> /var/folders/2k/1mtvvw2s0pxgbrfmj7shswch0000gn/T/tmp_i5t77lv.rs:11:1\n   |\n11 | async fn main() -> Result<(), I18nError> {\n   | ^^^^^^^^^^^^^^^^^^^^^^^^^^^^^^^^^^^^^^^^ `main` function is not allowed to be `async`\n\nerror: aborting due to 3 previous errors\n\nSome errors have detailed explanations: E0463, E0752.\nFor more information about an error, try `rustc --explain E0463`.\n",
    "README.md shell block 3: Command failed - /bin/sh: -c: line 0: syntax error near unexpected token `newline'\n/bin/sh: -c: line 0: `cargo run --example <example_name>'\n",
    "docs/essentials/quick-start.md block 2: Compilation error - error[E0463]: can't find crate for `langweave`\n --> /var/folders/2k/1mtvvw2s0pxgbrfmj7shswch0000gn/T/tmpf2dtqzqy.rs:2:5\n  |\n2 | use langweave::{language_detector::LanguageDetector, error::I18nError};\n  |     ^^^^^^^^^ can't find crate\n\nerror[E0463]: can't find crate for `tokio`\n  --> /var/folders/2k/1mtvvw2s0pxgbrfmj7shswch0000gn/T/tmpf2dtqzqy.rs:10:3\n   |\n10 | #[tokio::main]\n   |   ^^^^^ can't find crate\n\nerror[E0752]: `main` function is not allowed to be `async`\n  --> /var/folders/2k/1mtvvw2s0pxgbrfmj7shswch0000gn/T/tmpf2dtqzqy.rs:11:1\n   |\n11 | async fn main() -> Result<(), I18nError> {\n   | ^^^^^^^^^^^^^^^^^^^^^^^^^^^^^^^^^^^^^^^^ `main` function is not allowed to be `async`\n\nerror: aborting due to 3 previous errors\n\nSome errors have detailed explanations: E0463, E0752.\nFor more information about an error, try `rustc --explain E0463`.\n",
    "docs/guides/language-detection.md block 1: Compilation error - error[E0463]: can't find crate for `langweave`\n --> /var/folders/2k/1mtvvw2s0pxgbrfmj7shswch0000gn/T/tmpbn5rj7yk.rs:2:5\n  |\n2 | use langweave::{language_detector::LanguageDetector, error::I18nError};\n  |     ^^^^^^^^^ can't find crate\n\nerror[E0463]: can't find crate for `tokio`\n  --> /var/folders/2k/1mtvvw2s0pxgbrfmj7shswch0000gn/T/tmpbn5rj7yk.rs:10:3\n   |\n10 | #[tokio::main]\n   |   ^^^^^ can't find crate\n\nerror[E0752]: `main` function is not allowed to be `async`\n  --> /var/folders/2k/1mtvvw2s0pxgbrfmj7shswch0000gn/T/tmpbn5rj7yk.rs:11:1\n   |\n11 | async fn main() -> Result<(), I18nError> {\n   | ^^^^^^^^^^^^^^^^^^^^^^^^^^^^^^^^^^^^^^^^ `main` function is not allowed to be `async`\n\nerror: aborting due to 3 previous errors\n\nSome errors have detailed explanations: E0463, E0752.\nFor more information about an error, try `rustc --explain E0463`.\n",
    "docs/guides/language-detection.md block 2: Compilation error - error[E0463]: can't find crate for `langweave`\n --> /var/folders/2k/1mtvvw2s0pxgbrfmj7shswch0000gn/T/tmpqgcs6ohw.rs:2:5\n  |\n2 | use langweave::{language_detector::LanguageDetector, error::I18nError};\n  |     ^^^^^^^^^ can't find crate\n\nerror[E0463]: can't find crate for `tokio`\n --> /var/folders/2k/1mtvvw2s0pxgbrfmj7shswch0000gn/T/tmpqgcs6ohw.rs:9:3\n  |\n9 | #[tokio::main]\n  |   ^^^^^ can't find crate\n\nerror[E0752]: `main` function is not allowed to be `async`\n  --> /var/folders/2k/1mtvvw2s0pxgbrfmj7shswch0000gn/T/tmpqgcs6ohw.rs:10:1\n   |\n10 | async fn main() -> Result<(), I18nError> {\n   | ^^^^^^^^^^^^^^^^^^^^^^^^^^^^^^^^^^^^^^^^ `main` function is not allowed to be `async`\n\nerror: aborting due to 3 previous errors\n\nSome errors have detailed explanations: E0463, E0752.\nFor more information about an error, try `rustc --explain E0463`.\n",
    "docs/guides/language-detection.md block 3: Compilation error - error[E0463]: can't find crate for `langweave`\n --> /var/folders/2k/1mtvvw2s0pxgbrfmj7shswch0000gn/T/tmp9o8avdpm.rs:2:5\n  |\n2 | use langweave::{language_detector::LanguageDetector, error::I18nError};\n  |     ^^^^^^^^^ can't find crate\n\nerror[E0463]: can't find crate for `tokio`\n --> /var/folders/2k/1mtvvw2s0pxgbrfmj7shswch0000gn/T/tmp9o8avdpm.rs:9:3\n  |\n9 | #[tokio::main]\n  |   ^^^^^ can't find crate\n\nerror[E0752]: `main` function is not allowed to be `async`\n  --> /var/folders/2k/1mtvvw2s0pxgbrfmj7shswch0000gn/T/tmp9o8avdpm.rs:10:1\n   |\n10 | async fn main() -> Result<(), I18nError> {\n   | ^^^^^^^^^^^^^^^^^^^^^^^^^^^^^^^^^^^^^^^^ `main` function is not allowed to be `async`\n\nerror: aborting due to 3 previous errors\n\nSome errors have detailed explanations: E0463, E0752.\nFor more information about an error, try `rustc --explain E0463`.\n",
    "docs/guides/language-detection.md block 4: Compilation error - error[E0463]: can't find crate for `langweave`\n --> /var/folders/2k/1mtvvw2s0pxgbrfmj7shswch0000gn/T/tmpyuxn03kh.rs:2:5\n  |\n2 | use langweave::{language_detector::LanguageDetector, error::I18nError};\n  |     ^^^^^^^^^ can't find crate\n\nerror[E0463]: can't find crate for `tokio`\n  --> /var/folders/2k/1mtvvw2s0pxgbrfmj7shswch0000gn/T/tmpyuxn03kh.rs:10:3\n   |\n10 | #[tokio::main]\n   |   ^^^^^ can't find crate\n\nerror[E0752]: `main` function is not allowed to be `async`\n  --> /var/folders/2k/1mtvvw2s0pxgbrfmj7shswch0000gn/T/tmpyuxn03kh.rs:11:1\n   |\n11 | async fn main() -> Result<(), I18nError> {\n   | ^^^^^^^^^^^^^^^^^^^^^^^^^^^^^^^^^^^^^^^^ `main` function is not allowed to be `async`\n\nerror: aborting due to 3 previous errors\n\nSome errors have detailed explanations: E0463, E0752.\nFor more information about an error, try `rustc --explain E0463`.\n",
    "docs/guides/language-detection.md block 5: Compilation error - error[E0463]: can't find crate for `langweave`\n --> /var/folders/2k/1mtvvw2s0pxgbrfmj7shswch0000gn/T/tmp7ve3n4yy.rs:2:5\n  |\n2 | use langweave::{language_detector::LanguageDetector, error::I18nError};\n  |     ^^^^^^^^^ can't find crate\n\nerror: aborting due to 1 previous error\n\nFor more information about this error, try `rustc --explain E0463`.\n",
    "docs/guides/language-detection.md block 6: Compilation error - error[E0463]: can't find crate for `langweave`\n --> /var/folders/2k/1mtvvw2s0pxgbrfmj7shswch0000gn/T/tmpsqy5h3c1.rs:2:5\n  |\n2 | use langweave::{language_detector::LanguageDetector, error::I18nError};\n  |     ^^^^^^^^^ can't find crate\n\nerror[E0432]: unresolved import `warp`\n --> /var/folders/2k/1mtvvw2s0pxgbrfmj7shswch0000gn/T/tmpsqy5h3c1.rs:7:5\n  |\n7 | use warp::Filter;\n  |     ^^^^ use of unresolved module or unlinked crate `warp`\n  |\n  = help: you might be missing a crate named `warp`\n\nerror[E0463]: can't find crate for `tokio`\n --> /var/folders/2k/1mtvvw2s0pxgbrfmj7shswch0000gn/T/tmpsqy5h3c1.rs:9:3\n  |\n9 | #[tokio::main]\n  |   ^^^^^ can't find crate\n\nerror[E0433]: failed to resolve: use of unresolved module or unlinked crate `warp`\n  --> /var/folders/2k/1mtvvw2s0pxgbrfmj7shswch0000gn/T/tmpsqy5h3c1.rs:15:14\n   |\n15 |         .and(warp::body::json())\n   |              ^^^^ use of unresolved module or unlinked crate `warp`\n   |\n   = help: you might be missing a crate named `warp`\n\nerror[E0433]: failed to resolve: use of unresolved module or unlinked crate `warp`\n  --> /var/folders/2k/1mtvvw2s0pxgbrfmj7shswch0000gn/T/tmpsqy5h3c1.rs:18:29\n   |\n18 |                 Ok(lang) => warp::reply::json(&format!(\"{{ \\\"language\\\": \\\"{}\\\" }}\", lang)),\n   |                             ^^^^ use of unresolved module or unlinked crate `warp`\n   |\n   = help: you might be missing a crate named `warp`\n\nerror[E0433]: failed to resolve: use of unresolved module or unlinked crate `warp`\n  --> /var/folders/2k/1mtvvw2s0pxgbrfmj7shswch0000gn/T/tmpsqy5h3c1.rs:19:27\n   |\n19 |                 Err(_) => warp::reply::json(&\"{ \\\"error\\\": \\\"Detection failed\\\" }\"),\n   |                           ^^^^ use of unresolved module or unlinked crate `warp`\n   |\n   = help: you might be missing a crate named `warp`\n\nerror[E0433]: failed to resolve: use of unresolved module or unlinked crate `warp`\n  --> /var/folders/2k/1mtvvw2s0pxgbrfmj7shswch0000gn/T/tmpsqy5h3c1.rs:13:24\n   |\n13 |     let detect_route = warp::path(\"detect\")\n   |                        ^^^^ use of unresolved module or unlinked crate `warp`\n   |\n   = help: you might be missing a crate named `warp`\n\nerror[E0433]: failed to resolve: use of unresolved module or unlinked crate `warp`\n  --> /var/folders/2k/1mtvvw2s0pxgbrfmj7shswch0000gn/T/tmpsqy5h3c1.rs:14:14\n   |\n14 |         .and(warp::post())\n   |              ^^^^ use of unresolved module or unlinked crate `warp`\n   |\n   = help: you might be missing a crate named `warp`\n\nerror[E0433]: failed to resolve: use of unresolved module or unlinked crate `warp`\n  --> /var/folders/2k/1mtvvw2s0pxgbrfmj7shswch0000gn/T/tmpsqy5h3c1.rs:23:5\n   |\n23 |     warp::serve(detect_route)\n   |     ^^^^ use of unresolved module or unlinked crate `warp`\n   |\n   = help: you might be missing a crate named `warp`\n\nerror[E0752]: `main` function is not allowed to be `async`\n  --> /var/folders/2k/1mtvvw2s0pxgbrfmj7shswch0000gn/T/tmpsqy5h3c1.rs:10:1\n   |\n10 | async fn main() {\n   | ^^^^^^^^^^^^^^^ `main` function is not allowed to be `async`\n\nerror: aborting due to 10 previous errors\n\nSome errors have detailed explanations: E0432, E0433, E0463, E0752.\nFor more information about an error, try `rustc --explain E0432`.\n",
    "docs/guides/language-detection.md block 7: Compilation error - error[E0463]: can't find crate for `langweave`\n --> /var/folders/2k/1mtvvw2s0pxgbrfmj7shswch0000gn/T/tmpl1vwruj8.rs:2:5\n  |\n2 | use langweave::{language_detector::LanguageDetector, error::I18nError};\n  |     ^^^^^^^^^ can't find crate\n\nerror: aborting due to 1 previous error\n\nFor more information about this error, try `rustc --explain E0463`.\n",
    "docs/guides/translation.md block 1: Compilation error - error[E0463]: can't find crate for `langweave`\n --> /var/folders/2k/1mtvvw2s0pxgbrfmj7shswch0000gn/T/tmp159y543w.rs:2:5\n  |\n2 | use langweave::{language_detector::LanguageDetector, error::I18nError};\n  |     ^^^^^^^^^ can't find crate\n\nerror: aborting due to 1 previous error\n\nFor more information about this error, try `rustc --explain E0463`.\n",
    "docs/guides/translation.md block 2: Compilation error - error[E0463]: can't find crate for `langweave`\n --> /var/folders/2k/1mtvvw2s0pxgbrfmj7shswch0000gn/T/tmpd7o1see3.rs:2:5\n  |\n2 | use langweave::{language_detector::LanguageDetector, error::I18nError};\n  |     ^^^^^^^^^ can't find crate\n\nerror: aborting due to 1 previous error\n\nFor more information about this error, try `rustc --explain E0463`.\n",
    "docs/guides/translation.md block 3: Compilation error - error[E0463]: can't find crate for `langweave`\n --> /var/folders/2k/1mtvvw2s0pxgbrfmj7shswch0000gn/T/tmpoqf0k7bl.rs:2:5\n  |\n2 | use langweave::{language_detector::LanguageDetector, error::I18nError};\n  |     ^^^^^^^^^ can't find crate\n\nerror[E0463]: can't find crate for `tokio`\n  --> /var/folders/2k/1mtvvw2s0pxgbrfmj7shswch0000gn/T/tmpoqf0k7bl.rs:11:3\n   |\n11 | #[tokio::main]\n   |   ^^^^^ can't find crate\n\nerror[E0752]: `main` function is not allowed to be `async`\n  --> /var/folders/2k/1mtvvw2s0pxgbrfmj7shswch0000gn/T/tmpoqf0k7bl.rs:12:1\n   |\n12 | async fn main() -> Result<(), I18nError> {\n   | ^^^^^^^^^^^^^^^^^^^^^^^^^^^^^^^^^^^^^^^^ `main` function is not allowed to be `async`\n\nerror: aborting due to 3 previous errors\n\nSome errors have detailed explanations: E0463, E0752.\nFor more information about an error, try `rustc --explain E0463`.\n",
    "docs/guides/translation.md block 4: Compilation error - error[E0463]: can't find crate for `langweave`\n --> /var/folders/2k/1mtvvw2s0pxgbrfmj7shswch0000gn/T/tmpcu2cyn34.rs:2:5\n  |\n2 | use langweave::{language_detector::LanguageDetector, error::I18nError};\n  |     ^^^^^^^^^ can't find crate\n\nerror: aborting due to 1 previous error\n\nFor more information about this error, try `rustc --explain E0463`.\n",
    "docs/guides/translation.md block 5: Compilation error - error[E0463]: can't find crate for `langweave`\n --> /var/folders/2k/1mtvvw2s0pxgbrfmj7shswch0000gn/T/tmpkstosxy3.rs:2:5\n  |\n2 | use langweave::{language_detector::LanguageDetector, error::I18nError};\n  |     ^^^^^^^^^ can't find crate\n\nerror: aborting due to 1 previous error\n\nFor more information about this error, try `rustc --explain E0463`.\n",
    "docs/guides/translation.md block 6: Compilation error - error[E0463]: can't find crate for `langweave`\n --> /var/folders/2k/1mtvvw2s0pxgbrfmj7shswch0000gn/T/tmpz45_xvsn.rs:2:5\n  |\n2 | use langweave::{language_detector::LanguageDetector, error::I18nError};\n  |     ^^^^^^^^^ can't find crate\n\nerror: aborting due to 1 previous error\n\nFor more information about this error, try `rustc --explain E0463`.\n",
    "docs/guides/translation.md block 7: Compilation error - error[E0463]: can't find crate for `langweave`\n --> /var/folders/2k/1mtvvw2s0pxgbrfmj7shswch0000gn/T/tmp24f4sasn.rs:2:5\n  |\n2 | use langweave::{language_detector::LanguageDetector, error::I18nError};\n  |     ^^^^^^^^^ can't find crate\n\nerror: aborting due to 1 previous error\n\nFor more information about this error, try `rustc --explain E0463`.\n",
    "docs/guides/translation.md block 8: Compilation error - error[E0463]: can't find crate for `langweave`\n --> /var/folders/2k/1mtvvw2s0pxgbrfmj7shswch0000gn/T/tmpbninl6v6.rs:2:5\n  |\n2 | use langweave::{language_detector::LanguageDetector, error::I18nError};\n  |     ^^^^^^^^^ can't find crate\n\nerror: aborting due to 1 previous error\n\nFor more information about this error, try `rustc --explain E0463`.\n",
    "docs/guides/translation.md block 9: Compilation error - error[E0463]: can't find crate for `langweave`\n --> /var/folders/2k/1mtvvw2s0pxgbrfmj7shswch0000gn/T/tmpd9o_7pvn.rs:2:5\n  |\n2 | use langweave::{language_detector::LanguageDetector, error::I18nError};\n  |     ^^^^^^^^^ can't find crate\n\nerror[E0282]: type annotations needed\n  --> /var/folders/2k/1mtvvw2s0pxgbrfmj7shswch0000gn/T/tmpd9o_7pvn.rs:13:15\n   |\n13 |         match translator.translate(\"Hello\") {\n   |               ^^^^^^^^^^ cannot infer type\n\nerror: aborting due to 2 previous errors\n\nSome errors have detailed explanations: E0282, E0463.\nFor more information about an error, try `rustc --explain E0282`.\n",
    "docs/guides/translation.md block 10: Compilation error - error[E0463]: can't find crate for `langweave`\n --> /var/folders/2k/1mtvvw2s0pxgbrfmj7shswch0000gn/T/tmplwoqtr8h.rs:2:5\n  |\n2 | use langweave::{language_detector::LanguageDetector, error::I18nError};\n  |     ^^^^^^^^^ can't find crate\n\nerror: aborting due to 1 previous error\n\nFor more information about this error, try `rustc --explain E0463`.\n",
    "docs/guides/translation.md block 11: Compilation error - error[E0463]: can't find crate for `langweave`\n --> /var/folders/2k/1mtvvw2s0pxgbrfmj7shswch0000gn/T/tmpis73t0mq.rs:2:5\n  |\n2 | use langweave::{language_detector::LanguageDetector, error::I18nError};\n  |     ^^^^^^^^^ can't find crate\n\nerror: aborting due to 1 previous error\n\nFor more information about this error, try `rustc --explain E0463`.\n",
    "docs/guides/translation.md block 12: Compilation error - error[E0463]: can't find crate for `langweave`\n --> /var/folders/2k/1mtvvw2s0pxgbrfmj7shswch0000gn/T/tmpel3tteij.rs:2:5\n  |\n2 | use langweave::{language_detector::LanguageDetector, error::I18nError};\n  |     ^^^^^^^^^ can't find crate\n\nerror[E0432]: unresolved import `serde`\n --> /var/folders/2k/1mtvvw2s0pxgbrfmj7shswch0000gn/T/tmpel3tteij.rs:8:5\n  |\n8 | use serde::{Deserialize, Serialize};\n  |     ^^^^^ use of unresolved module or unlinked crate `serde`\n  |\n  = help: you might be missing a crate named `serde`\n\nerror[E0282]: type annotations needed\n  --> /var/folders/2k/1mtvvw2s0pxgbrfmj7shswch0000gn/T/tmpel3tteij.rs:28:25\n   |\n28 |     let detected_lang = detect_language(&request.text).await.ok();\n   |                         ^^^^^^^^^^^^^^^^^^^^^^^^^^^^^^^^^^^^ cannot infer type\n\nerror: aborting due to 3 previous errors\n\nSome errors have detailed explanations: E0282, E0432, E0463.\nFor more information about an error, try `rustc --explain E0282`.\n",
    "docs/guides/translation.md block 13: Compilation error - error[E0463]: can't find crate for `langweave`\n --> /var/folders/2k/1mtvvw2s0pxgbrfmj7shswch0000gn/T/tmp_sp19foa.rs:2:5\n  |\n2 | use langweave::{language_detector::LanguageDetector, error::I18nError};\n  |     ^^^^^^^^^ can't find crate\n\nerror: aborting due to 1 previous error\n\nFor more information about this error, try `rustc --explain E0463`.\n"
  ],
  "success_rate": 0.0
}